<?xml version="1.0" encoding="UTF-8"?>
<!-- Generated by org.testng.reporters.JUnitReportReporter -->
<testsuite hostname="EVERYTHINGS-AI" failures="0" tests="1" name="com.w2a.testcases.Login" time="8.147" errors="0" timestamp="2024-09-29T14:43:26 IST" skipped="0">
  <testcase classname="com.w2a.testcases.Login" name="loginTest" time="8.147"/>
</testsuite> <!-- com.w2a.testcases.Login -->
